Start testing: Mar 12 23:53 MSK
----------------------------------------------------------
Unable to find executable: sea_battle_tests_NOT_BUILT
1/1 Testing: sea_battle_tests_NOT_BUILT
1/1 Test: sea_battle_tests_NOT_BUILT
Command: ""
Directory: /home/yaga/sea_battle_game/build
"sea_battle_tests_NOT_BUILT" start time: 
Output:
----------------------------------------------------------
<end of output>
Test time =   0.00 sec
----------------------------------------------------------
Test Passed.
"sea_battle_tests_NOT_BUILT" end time: Mar 12 23:53 MSK
"sea_battle_tests_NOT_BUILT" time elapsed: 00:00:00
----------------------------------------------------------

End testing: Mar 12 23:53 MSK
